2024-08-11 11:38:42.676 [] INFO  - org.ligot.afriyan.OngafriyanApplication - Starting OngafriyanApplication using Java 17.0.1 with PID 13516 (C:\Users\GLC\Documents\Project\Java\Formation\bizz\ongafriyan\target\classes started by GLC in C:\Users\GLC\Documents\Project\Java\Formation\bizz\ongafriyan)
2024-08-11 11:38:42.685 [] INFO  - org.ligot.afriyan.OngafriyanApplication - The following 1 profile is active: "dev"
2024-08-11 11:38:42.910 [] INFO  - org.springframework.boot.devtools.env.DevToolsPropertyDefaultsPostProcessor - Devtools property defaults active! Set 'spring.devtools.add-properties' to 'false' to disable
2024-08-11 11:38:42.911 [] INFO  - org.springframework.boot.devtools.env.DevToolsPropertyDefaultsPostProcessor - For additional web related logging consider setting the 'logging.level.web' property to 'DEBUG'
2024-08-11 11:38:49.647 [] INFO  - org.springframework.data.repository.config.RepositoryConfigurationDelegate - Bootstrapping Spring Data JPA repositories in DEFAULT mode.
2024-08-11 11:38:50.772 [] INFO  - org.springframework.data.repository.config.RepositoryConfigurationDelegate - Finished Spring Data repository scanning in 1095 ms. Found 28 JPA repository interfaces.
2024-08-11 11:38:53.295 [] INFO  - org.springframework.boot.web.embedded.tomcat.TomcatWebServer - Tomcat initialized with port(s): 8087 (http)
2024-08-11 11:38:53.319 [] INFO  - org.apache.catalina.core.StandardService - Starting service [Tomcat]
2024-08-11 11:38:53.319 [] INFO  - org.apache.catalina.core.StandardEngine - Starting Servlet engine: [Apache Tomcat/10.1.10]
2024-08-11 11:38:53.468 [] INFO  - org.apache.catalina.core.ContainerBase.[Tomcat].[localhost].[/] - Initializing Spring embedded WebApplicationContext
2024-08-11 11:38:53.469 [] INFO  - org.springframework.boot.web.servlet.context.ServletWebServerApplicationContext - Root WebApplicationContext: initialization completed in 10554 ms
2024-08-11 11:38:54.094 [] INFO  - org.hibernate.jpa.internal.util.LogHelper - HHH000204: Processing PersistenceUnitInfo [name: default]
2024-08-11 11:38:54.262 [] INFO  - org.hibernate.Version - HHH000412: Hibernate ORM core version 6.2.5.Final
2024-08-11 11:38:54.269 [] INFO  - org.hibernate.cfg.Environment - HHH000406: Using bytecode reflection optimizer
2024-08-11 11:38:54.637 [] INFO  - org.hibernate.bytecode.internal.BytecodeProviderInitiator - HHH000021: Bytecode provider name : bytebuddy
2024-08-11 11:38:54.984 [] INFO  - org.springframework.orm.jpa.persistenceunit.SpringPersistenceUnitInfo - No LoadTimeWeaver setup: ignoring JPA class transformer
2024-08-11 11:38:55.021 [] INFO  - com.zaxxer.hikari.HikariDataSource - HikariPool-1 - Starting...
2024-08-11 11:38:55.546 [] INFO  - com.zaxxer.hikari.pool.HikariPool - HikariPool-1 - Added connection org.postgresql.jdbc.PgConnection@1bbb83ad
2024-08-11 11:38:55.551 [] INFO  - com.zaxxer.hikari.HikariDataSource - HikariPool-1 - Start completed.
2024-08-11 11:38:56.913 [] INFO  - org.hibernate.bytecode.internal.BytecodeProviderInitiator - HHH000021: Bytecode provider name : bytebuddy
2024-08-11 11:38:58.598 [] INFO  - org.hibernate.metamodel.internal.EntityInstantiatorPojoStandard - HHH000182: No default (no-argument) constructor for class: org.ligot.afriyan.entities.UserConnect (class must be instantiated by Interceptor)
2024-08-11 11:38:59.462 [] INFO  - org.hibernate.engine.transaction.jta.platform.internal.JtaPlatformInitiator - HHH000490: Using JtaPlatform implementation: [org.hibernate.engine.transaction.jta.platform.internal.NoJtaPlatform]
2024-08-11 11:39:00.310 [] INFO  - org.springframework.orm.jpa.LocalContainerEntityManagerFactoryBean - Initialized JPA EntityManagerFactory for persistence unit 'default'
2024-08-11 11:39:03.599 [] INFO  - org.springframework.data.jpa.repository.query.QueryEnhancerFactory - Hibernate is in classpath; If applicable, HQL parser will be used.
2024-08-11 11:39:05.440 [] INFO  - org.springframework.boot.actuate.endpoint.web.EndpointLinksResolver - Exposing 1 endpoint(s) beneath base path '/actuator'
2024-08-11 11:39:05.560 [] INFO  - org.springframework.security.web.DefaultSecurityFilterChain - Will secure any request with [org.springframework.security.web.session.DisableEncodeUrlFilter@21a7c2, org.springframework.security.web.context.request.async.WebAsyncManagerIntegrationFilter@25ac628c, org.springframework.security.web.context.SecurityContextHolderFilter@bbdaeb9, org.springframework.security.web.header.HeaderWriterFilter@737a67d1, org.springframework.security.web.authentication.logout.LogoutFilter@60b6206d, org.ligot.afriyan.config.securities.JwtAuthenticationFilter@63a7ab5d, org.springframework.security.web.savedrequest.RequestCacheAwareFilter@c994df9, org.springframework.security.web.servletapi.SecurityContextHolderAwareRequestFilter@1f92d655, org.springframework.security.web.authentication.AnonymousAuthenticationFilter@5b5b943e, org.springframework.security.web.session.SessionManagementFilter@27902a52, org.springframework.security.web.access.ExceptionTranslationFilter@4c4f401e, org.springframework.security.web.access.intercept.AuthorizationFilter@f0545b7]
2024-08-11 11:39:06.292 [] INFO  - org.springframework.boot.devtools.autoconfigure.OptionalLiveReloadServer - LiveReload server is running on port 35729
2024-08-11 11:39:06.414 [] INFO  - org.springframework.boot.web.embedded.tomcat.TomcatWebServer - Tomcat started on port(s): 8087 (http) with context path ''
2024-08-11 11:39:06.442 [] INFO  - org.ligot.afriyan.OngafriyanApplication - Started OngafriyanApplication in 24.548 seconds (process running for 27.106)
2024-08-11 11:39:07.133 [] INFO  - org.apache.catalina.core.ContainerBase.[Tomcat].[localhost].[/] - Initializing Spring DispatcherServlet 'dispatcherServlet'
2024-08-11 11:39:07.133 [] INFO  - org.springframework.web.servlet.DispatcherServlet - Initializing Servlet 'dispatcherServlet'
2024-08-11 11:39:07.137 [] INFO  - org.springframework.web.servlet.DispatcherServlet - Completed initialization in 3 ms
